<?xml version="1.0" encoding="UTF-8"?>
<!-- Generated by org.testng.reporters.JUnitXMLReporter -->
<testsuite ignored="0" hostname="DESKTOP-QBOQVO4" failures="0" tests="2" name="Tutorials Ninja Tests" time="26.605" errors="0" timestamp="2026-05-18T17:02:37 IST">
  <testcase classname="testBase.BaseClass" name="@BeforeClass setup" time="16.669">
    <failure type="org.openqa.selenium.WebDriverException" message="tab crashed
  (Session info: chrome=147.0.7727.55) (error code: &amp;quot;tab crashed&amp;quot;)
Build info: version: &amp;apos;4.43.0&amp;apos;, revision: &amp;apos;dd0f534&amp;apos;
System info: os.name: &amp;apos;Windows 10&amp;apos;, os.arch: &amp;apos;amd64&amp;apos;, os.version: &amp;apos;10.0&amp;apos;, java.version: &amp;apos;17.0.12&amp;apos;
Driver info: org.openqa.selenium.remote.RemoteWebDriver
Command: [b1bb7dc0d66c07cbb7a53b27b9e0c2e7, get {url=https://tutorialsninja.com/demo/}]
Capabilities {acceptInsecureCerts: false, browserName: chrome, browserVersion: 147.0.7727.55, chrome: {chromedriverVersion: 147.0.7727.56 (b28eac7a1a97..., userDataDir: /tmp/org.chromium.Chromium....}, fedcm:accounts: true, goog:chromeOptions: {debuggerAddress: localhost:42529}, goog:processID: 663, networkConnectionEnabled: false, pageLoadStrategy: normal, platformName: linux, proxy: Proxy(), se:bidiEnabled: false, se:cdp: ws://172.19.0.3:4444/sessio..., se:cdpVersion: 147.0.7727.55, se:containerName: 1c2551d230bb, se:deleteSessionOnUi: true, se:downloadsEnabled: true, se:noVncPort: 7900, se:vnc: ws://172.19.0.3:4444/sessio..., se:vncEnabled: true, se:vncLocalAddress: ws://172.19.0.3:7900, setWindowRect: true, strictFileInteractability: false, timeouts: {implicit: 0, pageLoad: 300000, script: 30000}, unhandledPromptBehavior: dismiss and notify, webauthn:extension:credBlob: true, webauthn:extension:largeBlob: true, webauthn:extension:minPinLength: true, webauthn:extension:prf: true, webauthn:virtualAuthenticators: true}
Session ID: b1bb7dc0d66c07cbb7a53b27b9e0c2e7">
      <![CDATA[org.openqa.selenium.WebDriverException: tab crashed
  (Session info: chrome=147.0.7727.55) (error code: "tab crashed")
Build info: version: '4.43.0', revision: 'dd0f534'
System info: os.name: 'Windows 10', os.arch: 'amd64', os.version: '10.0', java.version: '17.0.12'
Driver info: org.openqa.selenium.remote.RemoteWebDriver
Command: [b1bb7dc0d66c07cbb7a53b27b9e0c2e7, get {url=https://tutorialsninja.com/demo/}]
Capabilities {acceptInsecureCerts: false, browserName: chrome, browserVersion: 147.0.7727.55, chrome: {chromedriverVersion: 147.0.7727.56 (b28eac7a1a97..., userDataDir: /tmp/org.chromium.Chromium....}, fedcm:accounts: true, goog:chromeOptions: {debuggerAddress: localhost:42529}, goog:processID: 663, networkConnectionEnabled: false, pageLoadStrategy: normal, platformName: linux, proxy: Proxy(), se:bidiEnabled: false, se:cdp: ws://172.19.0.3:4444/sessio..., se:cdpVersion: 147.0.7727.55, se:containerName: 1c2551d230bb, se:deleteSessionOnUi: true, se:downloadsEnabled: true, se:noVncPort: 7900, se:vnc: ws://172.19.0.3:4444/sessio..., se:vncEnabled: true, se:vncLocalAddress: ws://172.19.0.3:7900, setWindowRect: true, strictFileInteractability: false, timeouts: {implicit: 0, pageLoad: 300000, script: 30000}, unhandledPromptBehavior: dismiss and notify, webauthn:extension:credBlob: true, webauthn:extension:largeBlob: true, webauthn:extension:minPinLength: true, webauthn:extension:prf: true, webauthn:virtualAuthenticators: true}
Session ID: b1bb7dc0d66c07cbb7a53b27b9e0c2e7
at org.openqa.selenium.remote.ErrorCodec.decode(ErrorCodec.java:172)
at org.openqa.selenium.remote.codec.w3c.W3CHttpResponseCodec.decode(W3CHttpResponseCodec.java:142)
at org.openqa.selenium.remote.codec.w3c.W3CHttpResponseCodec.decode(W3CHttpResponseCodec.java:49)
at org.openqa.selenium.remote.HttpCommandExecutor.execute(HttpCommandExecutor.java:223)
at org.openqa.selenium.remote.TracedCommandExecutor.execute(TracedCommandExecutor.java:53)
at org.openqa.selenium.remote.RemoteWebDriver.execute(RemoteWebDriver.java:606)
at org.openqa.selenium.remote.RemoteWebDriver.get(RemoteWebDriver.java:374)
at testBase.BaseClass.setup(BaseClass.java:49)
at java.base/java.util.ArrayList.forEach(ArrayList.java:1511)
... Removed 29 stack frames]]>
    </failure>
  </testcase> <!-- @BeforeClass setup -->
  <testcase classname="testBase.BaseClass" name="@AfterClass tearDown" time="0.0">
    <skipped/>
  </testcase> <!-- @AfterClass tearDown -->
  <testcase classname="testCases.TC001_AccountRegistratationTest" name="verify_account_registration" time="3.914"/>
  <testcase classname="testCases.TC002_LoginTest" name="verify_login" time="0.0">
    <skipped/>
  </testcase> <!-- verify_login -->
</testsuite> <!-- Tutorials Ninja Tests -->
