<?xml version="1.0" encoding="UTF-8"?>
<testng-results ignored="0" total="2" passed="2" failed="0" skipped="0">
  <reporter-output>
  </reporter-output>
  <suite started-at="2026-05-16T17:43:44 IST" name="Suite" finished-at="2026-05-16T17:44:05 IST" duration-ms="20211">
    <groups>
      <group name="Master">
        <method signature="TC001_AccountRegistratationTest.verify_account_registration()[pri:0, instance:testCases.TC001_AccountRegistratationTest@531f4093]" name="verify_account_registration" class="testCases.TC001_AccountRegistratationTest"/>
        <method signature="TC002_LoginTest.verify_login()[pri:0, instance:testCases.TC002_LoginTest@25aca718]" name="verify_login" class="testCases.TC002_LoginTest"/>
      </group> <!-- Master -->
      <group name="Sanity">
        <method signature="TC002_LoginTest.verify_login()[pri:0, instance:testCases.TC002_LoginTest@25aca718]" name="verify_login" class="testCases.TC002_LoginTest"/>
      </group> <!-- Sanity -->
      <group name="Regression">
        <method signature="TC001_AccountRegistratationTest.verify_account_registration()[pri:0, instance:testCases.TC001_AccountRegistratationTest@531f4093]" name="verify_account_registration" class="testCases.TC001_AccountRegistratationTest"/>
      </group> <!-- Regression -->
    </groups>
    <test started-at="2026-05-16T17:43:44 IST" name="Linux-chrome" finished-at="2026-05-16T17:44:05 IST" duration-ms="20211">
      <class name="testCases.TC002_LoginTest">
        <test-method is-config="true" signature="setup(java.lang.String,java.lang.String)[pri:0, instance:testCases.TC002_LoginTest@25aca718]" started-at="2026-05-16T17:44:00 IST" name="setup" finished-at="2026-05-16T17:44:02 IST" duration-ms="2264" status="PASS">
          <params>
            <param index="0">
              <value>
                <![CDATA[Linux]]>
              </value>
            </param>
            <param index="1">
              <value>
                <![CDATA[chrome]]>
              </value>
            </param>
          </params>
          <reporter-output>
          </reporter-output>
        </test-method> <!-- setup -->
        <test-method signature="verify_login()[pri:0, instance:testCases.TC002_LoginTest@25aca718]" started-at="2026-05-16T17:44:02 IST" name="verify_login" finished-at="2026-05-16T17:44:04 IST" duration-ms="2680" status="PASS">
          <reporter-output>
          </reporter-output>
        </test-method> <!-- verify_login -->
        <test-method is-config="true" signature="tearDown()[pri:0, instance:testCases.TC002_LoginTest@25aca718]" started-at="2026-05-16T17:44:05 IST" name="tearDown" finished-at="2026-05-16T17:44:05 IST" duration-ms="92" status="PASS">
          <reporter-output>
          </reporter-output>
        </test-method> <!-- tearDown -->
      </class> <!-- testCases.TC002_LoginTest -->
      <class name="testCases.TC001_AccountRegistratationTest">
        <test-method is-config="true" signature="setup(java.lang.String,java.lang.String)[pri:0, instance:testCases.TC001_AccountRegistratationTest@531f4093]" started-at="2026-05-16T17:43:45 IST" name="setup" finished-at="2026-05-16T17:43:55 IST" duration-ms="10209" status="PASS">
          <params>
            <param index="0">
              <value>
                <![CDATA[Linux]]>
              </value>
            </param>
            <param index="1">
              <value>
                <![CDATA[chrome]]>
              </value>
            </param>
          </params>
          <reporter-output>
          </reporter-output>
        </test-method> <!-- setup -->
        <test-method signature="verify_account_registration()[pri:0, instance:testCases.TC001_AccountRegistratationTest@531f4093]" started-at="2026-05-16T17:43:55 IST" name="verify_account_registration" finished-at="2026-05-16T17:43:59 IST" duration-ms="4509" status="PASS">
          <reporter-output>
          </reporter-output>
        </test-method> <!-- verify_account_registration -->
        <test-method is-config="true" signature="tearDown()[pri:0, instance:testCases.TC001_AccountRegistratationTest@531f4093]" started-at="2026-05-16T17:43:59 IST" name="tearDown" finished-at="2026-05-16T17:44:00 IST" duration-ms="105" status="PASS">
          <reporter-output>
          </reporter-output>
        </test-method> <!-- tearDown -->
      </class> <!-- testCases.TC001_AccountRegistratationTest -->
    </test> <!-- Linux-chrome -->
  </suite> <!-- Suite -->
</testng-results>
